Using pre-set license
Built from '2020.3/china_unity/release' branch; Version is '2020.3.7f1c1 (98d1c84f5ffb) revision 10015176'; Using compiler version '192528614'; Build Type 'Release'
OS: 'Windows 10 Home China; OS build 19042.1237; Version 2009; 64bit' Language: 'zh' Physical Memory: 14204 MB
BatchMode: 1, IsHumanControllingUs: 0, StartBugReporterOnCrash: 0, Is64bit: 1, IsPro: 0

 COMMAND LINE ARGUMENTS:
D:\unity\Editor\Unity.exe
-adb2
-batchMode
-noUpm
-name
AssetImportWorker0
-projectPath
D:/unity/Tanks
-logFile
Logs/AssetImportWorker0.log
-srvPort
50772
Successfully changed project path to: D:/unity/Tanks
D:/unity/Tanks
Using Asset Import Pipeline V2.
Refreshing native plugins compatible for Editor in 42.67 ms, found 0 plugins.
Preloading 0 native plugins for Editor in 0.00 ms.
Initialize engine version: 2020.3.7f1c1 (98d1c84f5ffb)
[Subsystems] Discovering subsystems at path D:/unity/Editor/Data/Resources/UnitySubsystems
[Subsystems] Discovering subsystems at path D:/unity/Tanks/Assets
GfxDevice: creating device client; threaded=0
Direct3D:
    Version:  Direct3D 11.0 [level 11.1]
    Renderer: NVIDIA GeForce RTX 3060 Laptop GPU (ID=0x2560)
    Vendor:   
    VRAM:     6023 MB
    Driver:   27.21.14.6681
Initialize mono
Mono path[0] = 'D:/unity/Editor/Data/Managed'
Mono path[1] = 'D:/unity/Editor/Data/MonoBleedingEdge/lib/mono/unityjit'
Mono config path = 'D:/unity/Editor/Data/MonoBleedingEdge/etc'
Using monoOptions --debugger-agent=transport=dt_socket,embedding=1,server=y,suspend=n,address=127.0.0.1:56904
Begin MonoManager ReloadAssembly
Registering precompiled unity dll's ...
Register platform support module: D:/unity/Editor/Data/PlaybackEngines/WindowsStandaloneSupport/UnityEditor.WindowsStandalone.Extensions.dll
Registered in 0.000915 seconds.
Native extension for WindowsStandalone target not found
Refreshing native plugins compatible for Editor in 28.93 ms, found 0 plugins.
Preloading 0 native plugins for Editor in 0.00 ms.
Mono: successfully reloaded assembly
- Completed reload, in  0.731 seconds
Platform modules already initialized, skipping
Registering precompiled user dll's ...
Registered in 0.002357 seconds.
Begin MonoManager ReloadAssembly
Native extension for WindowsStandalone target not found
Refreshing native plugins compatible for Editor in 0.56 ms, found 0 plugins.
Preloading 0 native plugins for Editor in 0.00 ms.
Mono: successfully reloaded assembly
- Completed reload, in  0.661 seconds
Platform modules already initialized, skipping
========================================================================
Worker process is ready to serve import requests
Launched and connected shader compiler UnityShaderCompiler.exe after 0.04 seconds
Refreshing native plugins compatible for Editor in 1.11 ms, found 0 plugins.
Preloading 0 native plugins for Editor in 0.00 ms.
Unloading 1933 Unused Serialized files (Serialized files now loaded: 0)
System memory in use before: 85.8 MB.
System memory in use after: 85.9 MB.

Unloading 53 unused Assets to reduce memory usage. Loaded Objects now: 2345.
Total: 4.783900 ms (FindLiveObjects: 0.546400 ms CreateObjectMapping: 0.192000 ms MarkObjects: 3.967300 ms  DeleteObjects: 0.076300 ms)

========================================================================
Received Import Request.
  path: Assets/Scripts/Managers/TankManager.cs
  artifactKey: Guid(1be963428ec33174f88161c5980f3faa) Importer(815301076,1909f56bfc062723c751e8b465ee728b)
Start importing Assets/Scripts/Managers/TankManager.cs using Guid(1be963428ec33174f88161c5980f3faa) Importer(815301076,1909f56bfc062723c751e8b465ee728b)  -> (artifact id: '0c9905300eb159bba5864579f5b766b6') in 0.023818 seconds
  Import took 0.026738 seconds .

AssetImportWorkerClient::OnTransportError - code=2 error=End of file
